2018-04-22 18:16:17 INFO  Car:30 - Автомобиль №1подъехал к парковке Первая улица
2018-04-22 18:16:17 INFO  Car:40 - Автомобиль №1припарковался на улице Первая улица
2018-04-22 18:16:17 INFO  Car:30 - Автомобиль №2подъехал к парковке Первая улица
2018-04-22 18:16:17 INFO  Car:40 - Автомобиль №2припарковался на улице Первая улица
2018-04-22 18:16:18 INFO  Car:30 - Автомобиль №3подъехал к парковке Первая улица
2018-04-22 18:16:18 ERROR Car:58 - com.hometask.thread.exception.ResourceException: парковка занята
2018-04-22 18:16:18 INFO  Car:30 - Автомобиль №3подъехал к парковке Вторая улица
2018-04-22 18:16:18 INFO  Car:40 - Автомобиль №3припарковался на улице Вторая улица
2018-04-22 18:16:18 INFO  Car:30 - Автомобиль №4подъехал к парковке Первая улица
2018-04-22 18:16:18 INFO  Car:30 - Автомобиль №4подъехал к парковке Вторая улица
2018-04-22 18:16:18 INFO  Car:40 - Автомобиль №4припарковался на улице Вторая улица
2018-04-22 18:16:18 INFO  Car:30 - Автомобиль №5подъехал к парковке Первая улица
2018-04-22 18:16:18 ERROR Car:58 - com.hometask.thread.exception.ResourceException: парковка занята
2018-04-22 18:16:18 INFO  Car:30 - Автомобиль №5подъехал к парковке Вторая улица
2018-04-22 18:16:18 INFO  Car:40 - Автомобиль №5припарковался на улице Вторая улица
2018-04-22 18:16:19 INFO  Car:30 - Автомобиль №6подъехал к парковке Первая улица
2018-04-22 18:16:19 INFO  Car:30 - Автомобиль №6подъехал к парковке Вторая улица
2018-04-22 18:16:19 INFO  Car:40 - Автомобиль №6припарковался на улице Вторая улица
2018-04-22 18:16:19 INFO  Car:30 - Автомобиль №7подъехал к парковке Первая улица
2018-04-22 18:16:19 ERROR Car:58 - com.hometask.thread.exception.ResourceException: парковка занята
2018-04-22 18:16:19 INFO  Car:30 - Автомобиль №7подъехал к парковке Вторая улица
2018-04-22 18:16:19 INFO  Car:40 - Автомобиль №7припарковался на улице Вторая улица
2018-04-22 18:16:20 INFO  Car:30 - Автомобиль №8подъехал к парковке Первая улица
2018-04-22 18:16:20 INFO  Car:30 - Автомобиль №8подъехал к парковке Вторая улица
2018-04-22 18:16:20 INFO  Car:40 - Автомобиль №8припарковался на улице Вторая улица
2018-04-22 18:16:20 INFO  Car:30 - Автомобиль №9подъехал к парковке Первая улица
2018-04-22 18:16:20 ERROR Car:58 - com.hometask.thread.exception.ResourceException: парковка занята
2018-04-22 18:16:20 INFO  Car:30 - Автомобиль №9подъехал к парковке Вторая улица
2018-04-22 18:16:20 INFO  Car:40 - Автомобиль №9припарковался на улице Вторая улица
2018-04-22 18:16:20 INFO  Car:30 - Автомобиль №10подъехал к парковке Первая улица
2018-04-22 18:16:20 INFO  Car:30 - Автомобиль №10подъехал к парковке Вторая улица
2018-04-22 18:16:20 ERROR Car:58 - com.hometask.thread.exception.ResourceException: парковка занята
2018-04-22 18:16:21 INFO  Car:30 - Автомобиль №11подъехал к парковке Первая улица
2018-04-22 18:16:21 ERROR Car:58 - com.hometask.thread.exception.ResourceException: парковка занята
2018-04-22 18:16:21 INFO  Car:30 - Автомобиль №11подъехал к парковке Вторая улица
2018-04-22 18:16:21 INFO  Car:30 - Автомобиль №12подъехал к парковке Первая улица
2018-04-22 18:16:21 INFO  Car:30 - Автомобиль №12подъехал к парковке Вторая улица
2018-04-22 18:16:21 ERROR Car:58 - com.hometask.thread.exception.ResourceException: парковка занята
2018-04-22 18:16:22 INFO  Car:49 - Автомобиль №1покинул парковку на улице Первая улица
2018-04-22 18:16:22 INFO  Car:49 - Автомобиль №2покинул парковку на улице Первая улица
2018-04-22 18:16:23 INFO  Car:49 - Автомобиль №3покинул парковку на улице Вторая улица
2018-04-22 18:16:23 INFO  Car:49 - Автомобиль №4покинул парковку на улице Вторая улица
2018-04-22 18:16:23 INFO  Car:49 - Автомобиль №5покинул парковку на улице Вторая улица
2018-04-22 18:16:24 INFO  Car:49 - Автомобиль №6покинул парковку на улице Вторая улица
2018-04-22 18:16:24 INFO  Car:49 - Автомобиль №7покинул парковку на улице Вторая улица
2018-04-22 18:16:25 INFO  Car:49 - Автомобиль №8покинул парковку на улице Вторая улица
2018-04-22 18:16:25 INFO  Car:49 - Автомобиль №9покинул парковку на улице Вторая улица
2018-04-22 18:24:18 INFO  Car:30 - Автомобиль №1подъехал к парковке Первая улица
2018-04-22 18:24:18 INFO  Car:40 - Автомобиль №1припарковался на улице Первая улица
2018-04-22 18:24:18 INFO  Car:30 - Автомобиль №2подъехал к парковке Первая улица
2018-04-22 18:24:18 INFO  Car:40 - Автомобиль №2припарковался на улице Первая улица
2018-04-22 18:24:19 INFO  Car:30 - Автомобиль №3подъехал к парковке Первая улица
2018-04-22 18:24:19 ERROR Car:58 - com.hometask.thread.exception.ResourceException: парковка занята
2018-04-22 18:24:19 INFO  Car:30 - Автомобиль №3подъехал к парковке Вторая улица
2018-04-22 18:24:19 INFO  Car:40 - Автомобиль №3припарковался на улице Вторая улица
2018-04-22 18:24:19 INFO  Car:30 - Автомобиль №4подъехал к парковке Первая улица
2018-04-22 18:24:19 INFO  Car:30 - Автомобиль №4подъехал к парковке Вторая улица
2018-04-22 18:24:19 INFO  Car:40 - Автомобиль №4припарковался на улице Вторая улица
2018-04-22 18:24:20 INFO  Car:30 - Автомобиль №5подъехал к парковке Первая улица
2018-04-22 18:24:20 ERROR Car:58 - com.hometask.thread.exception.ResourceException: парковка занята
2018-04-22 18:24:20 INFO  Car:30 - Автомобиль №5подъехал к парковке Вторая улица
2018-04-22 18:24:20 INFO  Car:40 - Автомобиль №5припарковался на улице Вторая улица
2018-04-22 18:24:20 INFO  Car:30 - Автомобиль №6подъехал к парковке Первая улица
2018-04-22 18:24:20 INFO  Car:30 - Автомобиль №6подъехал к парковке Вторая улица
2018-04-22 18:24:20 INFO  Car:40 - Автомобиль №6припарковался на улице Вторая улица
2018-04-22 18:24:20 INFO  Car:30 - Автомобиль №7подъехал к парковке Первая улица
2018-04-22 18:24:21 ERROR Car:58 - com.hometask.thread.exception.ResourceException: парковка занята
2018-04-22 18:24:21 INFO  Car:30 - Автомобиль №7подъехал к парковке Вторая улица
2018-04-22 18:24:21 INFO  Car:40 - Автомобиль №7припарковался на улице Вторая улица
2018-04-22 18:24:21 INFO  Car:30 - Автомобиль №8подъехал к парковке Первая улица
2018-04-22 18:24:21 INFO  Car:30 - Автомобиль №8подъехал к парковке Вторая улица
2018-04-22 18:24:21 INFO  Car:40 - Автомобиль №8припарковался на улице Вторая улица
2018-04-22 18:24:21 INFO  Car:30 - Автомобиль №9подъехал к парковке Первая улица
2018-04-22 18:24:21 ERROR Car:58 - com.hometask.thread.exception.ResourceException: парковка занята
2018-04-22 18:24:21 INFO  Car:30 - Автомобиль №9подъехал к парковке Вторая улица
2018-04-22 18:24:21 INFO  Car:40 - Автомобиль №9припарковался на улице Вторая улица
2018-04-22 18:24:22 INFO  Car:30 - Автомобиль №10подъехал к парковке Первая улица
2018-04-22 18:24:22 INFO  Car:30 - Автомобиль №10подъехал к парковке Вторая улица
2018-04-22 18:24:22 ERROR Car:58 - com.hometask.thread.exception.ResourceException: парковка занята
2018-04-22 18:24:22 INFO  Car:30 - Автомобиль №11подъехал к парковке Первая улица
2018-04-22 18:24:22 ERROR Car:58 - com.hometask.thread.exception.ResourceException: парковка занята
2018-04-22 18:24:22 INFO  Car:30 - Автомобиль №11подъехал к парковке Вторая улица
2018-04-22 18:24:22 INFO  Car:30 - Автомобиль №12подъехал к парковке Первая улица
2018-04-22 18:24:22 INFO  Car:30 - Автомобиль №12подъехал к парковке Вторая улица
2018-04-22 18:24:23 ERROR Car:58 - com.hometask.thread.exception.ResourceException: парковка занята
2018-04-22 18:24:23 INFO  Car:49 - Автомобиль №1покинул парковку на улице Первая улица
2018-04-22 18:24:23 INFO  Car:49 - Автомобиль №2покинул парковку на улице Первая улица
2018-04-22 18:24:24 INFO  Car:49 - Автомобиль №3покинул парковку на улице Вторая улица
2018-04-22 18:24:24 INFO  Car:49 - Автомобиль №4покинул парковку на улице Вторая улица
2018-04-22 18:24:25 INFO  Car:49 - Автомобиль №5покинул парковку на улице Вторая улица
2018-04-22 18:24:25 INFO  Car:49 - Автомобиль №6покинул парковку на улице Вторая улица
2018-04-22 18:24:26 INFO  Car:49 - Автомобиль №7покинул парковку на улице Вторая улица
2018-04-22 18:24:26 INFO  Car:49 - Автомобиль №8покинул парковку на улице Вторая улица
2018-04-22 18:24:26 INFO  Car:49 - Автомобиль №9покинул парковку на улице Вторая улица
2018-04-22 18:34:23 INFO  Car:30 - Автомобиль №1подъехал к парковке Первая улица
2018-04-22 18:34:23 INFO  Car:30 - Автомобиль №1подъехал к парковке Вторая улица
2018-04-22 18:34:23 INFO  Car:40 - Автомобиль №1припарковался на улице Вторая улица
2018-04-22 18:34:23 INFO  Car:30 - Автомобиль №2подъехал к парковке Первая улица
2018-04-22 18:34:23 INFO  Car:30 - Автомобиль №2подъехал к парковке Вторая улица
2018-04-22 18:34:23 INFO  Car:40 - Автомобиль №2припарковался на улице Вторая улица
2018-04-22 18:34:24 INFO  Car:30 - Автомобиль №3подъехал к парковке Первая улица
2018-04-22 18:34:24 INFO  Car:30 - Автомобиль №3подъехал к парковке Вторая улица
2018-04-22 18:34:24 INFO  Car:40 - Автомобиль №3припарковался на улице Вторая улица
2018-04-22 18:34:24 INFO  Car:30 - Автомобиль №4подъехал к парковке Первая улица
2018-04-22 18:34:24 INFO  Car:30 - Автомобиль №4подъехал к парковке Вторая улица
2018-04-22 18:34:24 INFO  Car:40 - Автомобиль №4припарковался на улице Вторая улица
2018-04-22 18:34:25 INFO  Car:30 - Автомобиль №5подъехал к парковке Первая улица
2018-04-22 18:34:25 INFO  Car:30 - Автомобиль №5подъехал к парковке Вторая улица
2018-04-22 18:34:25 INFO  Car:40 - Автомобиль №5припарковался на улице Вторая улица
2018-04-22 18:34:25 INFO  Car:30 - Автомобиль №6подъехал к парковке Первая улица
2018-04-22 18:34:25 INFO  Car:30 - Автомобиль №6подъехал к парковке Вторая улица
2018-04-22 18:34:25 INFO  Car:40 - Автомобиль №6припарковался на улице Вторая улица
2018-04-22 18:34:25 INFO  Car:30 - Автомобиль №7подъехал к парковке Первая улица
2018-04-22 18:34:25 INFO  Car:30 - Автомобиль №7подъехал к парковке Вторая улица
2018-04-22 18:34:25 INFO  Car:40 - Автомобиль №7припарковался на улице Вторая улица
2018-04-22 18:34:26 INFO  Car:30 - Автомобиль №8подъехал к парковке Первая улица
2018-04-22 18:34:26 INFO  Car:30 - Автомобиль №8подъехал к парковке Вторая улица
2018-04-22 18:34:26 ERROR Car:58 - com.hometask.thread.exception.ResourceException: парковка занята
2018-04-22 18:34:26 INFO  Car:30 - Автомобиль №9подъехал к парковке Первая улица
2018-04-22 18:34:26 INFO  Car:30 - Автомобиль №9подъехал к парковке Вторая улица
2018-04-22 18:34:27 INFO  Car:30 - Автомобиль №10подъехал к парковке Первая улица
2018-04-22 18:34:27 INFO  Car:30 - Автомобиль №10подъехал к парковке Вторая улица
2018-04-22 18:34:27 ERROR Car:58 - com.hometask.thread.exception.ResourceException: парковка занята
2018-04-22 18:34:27 INFO  Car:30 - Автомобиль №11подъехал к парковке Первая улица
2018-04-22 18:34:27 INFO  Car:30 - Автомобиль №11подъехал к парковке Вторая улица
2018-04-22 18:34:27 INFO  Car:30 - Автомобиль №12подъехал к парковке Первая улица
2018-04-22 18:34:27 INFO  Car:30 - Автомобиль №12подъехал к парковке Вторая улица
2018-04-22 18:34:27 ERROR Car:58 - com.hometask.thread.exception.ResourceException: парковка занята
2018-04-22 18:35:35 INFO  Car:30 - Автомобиль №1подъехал к парковке Первая улица
2018-04-22 18:35:35 INFO  Car:30 - Автомобиль №1подъехал к парковке Вторая улица
2018-04-22 18:35:35 INFO  Car:40 - Автомобиль №1припарковался на улице Вторая улица
2018-04-22 18:35:35 INFO  Car:30 - Автомобиль №2подъехал к парковке Первая улица
2018-04-22 18:35:35 INFO  Car:30 - Автомобиль №2подъехал к парковке Вторая улица
2018-04-22 18:35:35 INFO  Car:40 - Автомобиль №2припарковался на улице Вторая улица
2018-04-22 18:35:35 INFO  Car:30 - Автомобиль №3подъехал к парковке Первая улица
2018-04-22 18:35:35 INFO  Car:30 - Автомобиль №3подъехал к парковке Вторая улица
2018-04-22 18:35:35 INFO  Car:40 - Автомобиль №3припарковался на улице Вторая улица
2018-04-22 18:35:36 INFO  Car:30 - Автомобиль №4подъехал к парковке Первая улица
2018-04-22 18:35:36 INFO  Car:30 - Автомобиль №4подъехал к парковке Вторая улица
2018-04-22 18:35:36 INFO  Car:40 - Автомобиль №4припарковался на улице Вторая улица
2018-04-22 18:35:36 INFO  Car:30 - Автомобиль №5подъехал к парковке Первая улица
2018-04-22 18:35:36 INFO  Car:30 - Автомобиль №5подъехал к парковке Вторая улица
2018-04-22 18:35:36 INFO  Car:40 - Автомобиль №5припарковался на улице Вторая улица
2018-04-22 18:35:37 INFO  Car:30 - Автомобиль №6подъехал к парковке Первая улица
2018-04-22 18:35:37 INFO  Car:30 - Автомобиль №6подъехал к парковке Вторая улица
2018-04-22 18:35:37 INFO  Car:40 - Автомобиль №6припарковался на улице Вторая улица
2018-04-22 18:35:37 INFO  Car:30 - Автомобиль №7подъехал к парковке Первая улица
2018-04-22 18:35:37 INFO  Car:30 - Автомобиль №7подъехал к парковке Вторая улица
2018-04-22 18:35:37 INFO  Car:40 - Автомобиль №7припарковался на улице Вторая улица
2018-04-22 18:35:37 INFO  Car:30 - Автомобиль №8подъехал к парковке Первая улица
2018-04-22 18:35:37 INFO  Car:30 - Автомобиль №8подъехал к парковке Вторая улица
2018-04-22 18:35:38 ERROR Car:58 - com.hometask.thread.exception.ResourceException: парковка занята
2018-04-22 18:35:38 INFO  Car:30 - Автомобиль №9подъехал к парковке Первая улица
2018-04-22 18:35:38 INFO  Car:30 - Автомобиль №9подъехал к парковке Вторая улица
2018-04-22 18:35:38 INFO  Car:30 - Автомобиль №10подъехал к парковке Первая улица
2018-04-22 18:35:38 INFO  Car:30 - Автомобиль №10подъехал к парковке Вторая улица
2018-04-22 18:35:38 ERROR Car:58 - com.hometask.thread.exception.ResourceException: парковка занята
2018-04-22 18:35:39 INFO  Car:30 - Автомобиль №11подъехал к парковке Первая улица
2018-04-22 18:35:39 INFO  Car:30 - Автомобиль №11подъехал к парковке Вторая улица
2018-04-22 18:35:39 INFO  Car:30 - Автомобиль №12подъехал к парковке Первая улица
2018-04-22 18:35:39 INFO  Car:30 - Автомобиль №12подъехал к парковке Вторая улица
2018-04-22 18:35:39 ERROR Car:58 - com.hometask.thread.exception.ResourceException: парковка занята
2018-04-22 18:36:46 INFO  Car:30 - Автомобиль №1подъехал к парковке Первая улица
2018-04-22 18:36:46 INFO  Car:30 - Автомобиль №1подъехал к парковке Вторая улица
2018-04-22 18:36:46 INFO  Car:40 - Автомобиль №1припарковался на улице Вторая улица
2018-04-22 18:36:46 INFO  Car:30 - Автомобиль №2подъехал к парковке Первая улица
2018-04-22 18:36:46 INFO  Car:30 - Автомобиль №2подъехал к парковке Вторая улица
2018-04-22 18:36:46 INFO  Car:40 - Автомобиль №2припарковался на улице Вторая улица
2018-04-22 18:36:47 INFO  Car:30 - Автомобиль №3подъехал к парковке Первая улица
2018-04-22 18:36:47 INFO  Car:30 - Автомобиль №3подъехал к парковке Вторая улица
2018-04-22 18:36:47 INFO  Car:40 - Автомобиль №3припарковался на улице Вторая улица
2018-04-22 18:36:47 INFO  Car:30 - Автомобиль №4подъехал к парковке Первая улица
2018-04-22 18:36:47 INFO  Car:30 - Автомобиль №4подъехал к парковке Вторая улица
2018-04-22 18:36:47 INFO  Car:40 - Автомобиль №4припарковался на улице Вторая улица
2018-04-22 18:36:47 INFO  Car:30 - Автомобиль №5подъехал к парковке Первая улица
2018-04-22 18:36:47 INFO  Car:30 - Автомобиль №5подъехал к парковке Вторая улица
2018-04-22 18:36:47 INFO  Car:40 - Автомобиль №5припарковался на улице Вторая улица
2018-04-22 18:36:48 INFO  Car:30 - Автомобиль №6подъехал к парковке Первая улица
2018-04-22 18:36:48 INFO  Car:30 - Автомобиль №6подъехал к парковке Вторая улица
2018-04-22 18:36:48 INFO  Car:40 - Автомобиль №6припарковался на улице Вторая улица
2018-04-22 18:36:48 INFO  Car:30 - Автомобиль №7подъехал к парковке Первая улица
2018-04-22 18:36:48 INFO  Car:30 - Автомобиль №7подъехал к парковке Вторая улица
2018-04-22 18:36:48 INFO  Car:40 - Автомобиль №7припарковался на улице Вторая улица
2018-04-22 18:36:49 INFO  Car:30 - Автомобиль №8подъехал к парковке Первая улица
2018-04-22 18:36:49 INFO  Car:30 - Автомобиль №8подъехал к парковке Вторая улица
2018-04-22 18:36:49 ERROR Car:58 - com.hometask.thread.exception.ResourceException: парковка занята
2018-04-22 18:36:49 INFO  Car:30 - Автомобиль №9подъехал к парковке Первая улица
2018-04-22 18:36:49 INFO  Car:30 - Автомобиль №9подъехал к парковке Вторая улица
2018-04-22 18:36:49 INFO  Car:30 - Автомобиль №10подъехал к парковке Первая улица
2018-04-22 18:36:49 INFO  Car:30 - Автомобиль №10подъехал к парковке Вторая улица
2018-04-22 18:36:50 ERROR Car:58 - com.hometask.thread.exception.ResourceException: парковка занята
2018-04-22 18:36:50 INFO  Car:30 - Автомобиль №11подъехал к парковке Первая улица
2018-04-22 18:36:50 INFO  Car:30 - Автомобиль №11подъехал к парковке Вторая улица
2018-04-22 18:36:50 INFO  Car:30 - Автомобиль №12подъехал к парковке Первая улица
2018-04-22 18:36:50 INFO  Car:30 - Автомобиль №12подъехал к парковке Вторая улица
2018-04-22 18:36:50 ERROR Car:58 - com.hometask.thread.exception.ResourceException: парковка занята
