2018-04-14 21:10:04 INFO  BookDAOImpl:27 - Driver was found
2018-04-14 21:10:05 INFO  BookDAOImpl:36 - db connect
2018-04-14 21:10:32 INFO  BookDAOImpl:190 - 3authors were found
2018-04-14 21:11:08 INFO  BookDAOImpl:27 - Driver was found
2018-04-14 21:11:08 INFO  BookDAOImpl:36 - db connect
2018-04-14 21:11:16 INFO  BookDAOImpl:206 - Connection closed
2018-04-14 21:23:19 INFO  BookDAOImpl:26 - Driver was found
2018-04-14 21:23:19 INFO  BookDAOImpl:36 - db connect

2018-04-14 22:09:57 INFO  BookDAOImpl:32 - Driver was found
2018-04-15 22:33:08 INFO  BookDAOImpl:31 - Driver was found
2018-04-15 22:33:09 INFO  BookDAOImpl:45 - db connect
2018-04-15 23:59:04 INFO  BookDAOImpl:28 - Driver was found
2018-04-15 23:59:05 INFO  BookDAOImpl:42 - db connect
2018-04-16 15:52:05 INFO  BookDAOImpl:46 - Driver was found
2018-04-16 15:52:06 INFO  BookDAOImpl:60 - db connect
2018-04-16 15:52:53 INFO  BookDAOImpl:47 - Driver was found
2018-04-16 15:52:54 INFO  BookDAOImpl:61 - db connect
2018-04-16 15:53:13 INFO  BookDAOImpl:48 - Driver was found
2018-04-16 15:53:14 INFO  BookDAOImpl:62 - db connect
2018-04-16 15:53:46 INFO  BookDAOImpl:48 - Driver was found
2018-04-16 15:53:47 INFO  BookDAOImpl:62 - db connect
2018-04-16 15:54:31 INFO  BookDAOImpl:53 - Driver was found
2018-04-16 15:54:31 INFO  BookDAOImpl:67 - db connect
2018-04-16 15:55:04 INFO  BookDAOImpl:52 - Driver was found
2018-04-16 15:55:04 INFO  BookDAOImpl:66 - db connect
2018-04-16 15:55:35 INFO  BookDAOImpl:53 - Driver was found
2018-04-16 15:55:35 INFO  BookDAOImpl:67 - db connect
2018-04-16 15:59:37 INFO  BookDAOImpl:54 - Driver was found
2018-04-16 15:59:38 INFO  BookDAOImpl:68 - db connect
2018-04-16 16:00:01 INFO  BookDAOImpl:54 - Driver was found
2018-04-16 16:00:01 INFO  BookDAOImpl:68 - db connect
2018-04-16 16:00:27 INFO  BookDAOImpl:54 - Driver was found
2018-04-16 16:00:27 INFO  BookDAOImpl:68 - db connect
2018-04-16 16:00:42 INFO  BookDAOImpl:54 - Driver was found
2018-04-16 16:00:42 INFO  BookDAOImpl:68 - db connect
2018-04-16 16:00:49 INFO  BookDAOImpl:54 - Driver was found
2018-04-16 16:00:50 INFO  BookDAOImpl:68 - db connect
2018-04-16 16:03:23 INFO  BookDAOImpl:54 - Driver was found
2018-04-16 16:03:23 INFO  BookDAOImpl:68 - db connect
2018-04-16 16:03:25 INFO  BookDAOImpl:221 - 3authors were found
2018-04-16 16:03:32 INFO  BookDAOImpl:250 - 3authors were found
2018-04-16 16:50:13 INFO  BookDAOImpl:54 - Driver was found
2018-04-16 16:50:13 INFO  BookDAOImpl:68 - db connect
2018-04-16 16:50:33 INFO  BookDAOImpl:54 - Driver was found
2018-04-16 16:50:34 INFO  BookDAOImpl:68 - db connect
2018-04-16 16:52:18 INFO  BookDAOImpl:54 - Driver was found
2018-04-16 16:52:19 INFO  BookDAOImpl:68 - db connect
2018-04-16 16:56:13 INFO  BookDAOImpl:54 - Driver was found
2018-04-16 16:56:13 INFO  BookDAOImpl:68 - db connect
2018-04-16 16:57:27 INFO  BookDAOImpl:54 - Driver was found
2018-04-16 16:57:27 INFO  BookDAOImpl:68 - db connect
2018-04-16 16:57:44 INFO  BookDAOImpl:112 - Book inserted into DB
2018-04-16 16:57:55 INFO  BookDAOImpl:54 - Driver was found
2018-04-16 16:57:56 INFO  BookDAOImpl:68 - db connect
2018-04-16 17:00:03 INFO  BookDAOImpl:54 - Driver was found
2018-04-16 17:00:04 INFO  BookDAOImpl:68 - db connect
2018-04-16 17:00:19 INFO  BookDAOImpl:54 - Driver was found
2018-04-16 17:00:20 INFO  BookDAOImpl:68 - db connect
2018-04-16 17:00:48 INFO  BookDAOImpl:112 - Book inserted into DB
2018-04-16 17:00:48 INFO  BookDAOImpl:112 - Book inserted into DB
2018-04-16 17:06:54 INFO  BookDAOImpl:54 - Driver was found
2018-04-16 17:06:54 INFO  BookDAOImpl:68 - db connect
2018-04-16 17:07:58 INFO  BookDAOImpl:54 - Driver was found
2018-04-16 17:07:58 INFO  BookDAOImpl:68 - db connect
2018-04-16 17:08:14 INFO  BookDAOImpl:112 - Book inserted into DB
2018-04-16 17:09:07 INFO  BookDAOImpl:54 - Driver was found
2018-04-16 17:09:07 INFO  BookDAOImpl:68 - db connect
2018-04-16 17:09:37 INFO  BookDAOImpl:54 - Driver was found
2018-04-16 17:09:38 INFO  BookDAOImpl:68 - db connect
2018-04-16 17:10:50 INFO  BookDAOImpl:54 - Driver was found
2018-04-16 17:10:51 INFO  BookDAOImpl:68 - db connect
2018-04-16 17:11:56 INFO  BookDAOImpl:54 - Driver was found
2018-04-16 17:11:57 INFO  BookDAOImpl:68 - db connect
2018-04-16 17:16:08 INFO  BookDAOImpl:54 - Driver was found
2018-04-16 17:16:09 INFO  BookDAOImpl:68 - db connect
2018-04-16 17:16:37 INFO  BookDAOImpl:54 - Driver was found
2018-04-16 17:16:37 INFO  BookDAOImpl:68 - db connect
2018-04-16 17:18:42 INFO  BookDAOImpl:54 - Driver was found
2018-04-16 17:18:42 INFO  BookDAOImpl:68 - db connect
2018-04-16 17:20:04 INFO  BookDAOImpl:54 - Driver was found
2018-04-16 17:20:05 INFO  BookDAOImpl:68 - db connect
2018-04-16 17:20:51 INFO  BookDAOImpl:54 - Driver was found
2018-04-16 17:20:52 INFO  BookDAOImpl:68 - db connect
2018-04-16 17:21:35 INFO  BookDAOImpl:54 - Driver was found
2018-04-16 17:21:35 INFO  BookDAOImpl:68 - db connect
2018-04-16 17:25:44 INFO  BookDAOImpl:54 - Driver was found
2018-04-16 17:25:44 INFO  BookDAOImpl:68 - db connect
2018-04-16 17:26:28 INFO  BookDAOImpl:54 - Driver was found
2018-04-16 17:26:28 INFO  BookDAOImpl:68 - db connect
2018-04-16 17:26:34 INFO  BookDAOImpl:54 - Driver was found
2018-04-16 17:26:35 INFO  BookDAOImpl:68 - db connect
2018-04-16 17:26:53 INFO  BookDAOImpl:54 - Driver was found
2018-04-16 17:26:54 INFO  BookDAOImpl:68 - db connect
2018-04-16 17:27:05 INFO  BookDAOImpl:54 - Driver was found
2018-04-16 17:27:05 INFO  BookDAOImpl:68 - db connect
2018-04-16 17:28:38 INFO  BookDAOImpl:54 - Driver was found
2018-04-16 17:28:38 INFO  BookDAOImpl:68 - db connect
2018-04-16 17:28:48 INFO  BookDAOImpl:112 - Book inserted into DB
2018-04-16 17:31:44 INFO  BookDAOImpl:54 - Driver was found
2018-04-16 17:31:45 INFO  BookDAOImpl:68 - db connect
2018-04-16 17:32:17 INFO  BookDAOImpl:54 - Driver was found
2018-04-16 17:32:18 INFO  BookDAOImpl:68 - db connect
2018-04-16 17:33:16 INFO  BookDAOImpl:54 - Driver was found
2018-04-16 17:33:17 INFO  BookDAOImpl:68 - db connect
2018-04-16 17:34:31 INFO  BookDAOImpl:54 - Driver was found
2018-04-16 17:34:31 INFO  BookDAOImpl:68 - db connect
2018-04-16 17:38:35 INFO  BookDAOImpl:54 - Driver was found
2018-04-16 17:38:35 INFO  BookDAOImpl:68 - db connect
2018-04-16 17:39:01 INFO  BookDAOImpl:54 - Driver was found
2018-04-16 17:39:02 INFO  BookDAOImpl:68 - db connect
2018-04-16 17:40:03 INFO  BookDAOImpl:54 - Driver was found
2018-04-16 17:40:04 INFO  BookDAOImpl:68 - db connect
2018-04-16 17:40:22 INFO  BookDAOImpl:54 - Driver was found
2018-04-16 17:40:23 INFO  BookDAOImpl:68 - db connect
2018-04-16 17:42:16 INFO  BookDAOImpl:54 - Driver was found
2018-04-16 17:42:16 INFO  BookDAOImpl:68 - db connect
2018-04-16 17:42:28 INFO  BookDAOImpl:54 - Driver was found
2018-04-16 17:42:28 INFO  BookDAOImpl:68 - db connect
2018-04-16 17:42:55 INFO  BookDAOImpl:54 - Driver was found
2018-04-16 17:42:55 INFO  BookDAOImpl:68 - db connect
2018-04-16 17:43:40 INFO  BookDAOImpl:54 - Driver was found
2018-04-16 17:43:40 INFO  BookDAOImpl:68 - db connect
2018-04-16 17:46:15 INFO  BookDAOImpl:54 - Driver was found
2018-04-16 17:46:16 INFO  BookDAOImpl:68 - db connect
2018-04-16 17:46:24 INFO  BookDAOImpl:54 - Driver was found
2018-04-16 17:46:24 INFO  BookDAOImpl:68 - db connect
2018-04-16 17:46:53 INFO  BookDAOImpl:54 - Driver was found
2018-04-16 17:46:53 INFO  BookDAOImpl:68 - db connect
2018-04-16 17:47:47 INFO  BookDAOImpl:54 - Driver was found
2018-04-16 17:47:48 INFO  BookDAOImpl:68 - db connect
2018-04-16 17:47:55 INFO  BookDAOImpl:222 - Book inserted into DB
2018-04-16 17:48:51 INFO  BookDAOImpl:54 - Driver was found
2018-04-16 17:48:51 INFO  BookDAOImpl:68 - db connect
2018-04-16 17:49:14 INFO  BookDAOImpl:54 - Driver was found
2018-04-16 17:49:15 INFO  BookDAOImpl:68 - db connect
2018-04-16 17:49:29 INFO  BookDAOImpl:54 - Driver was found
2018-04-16 17:49:29 INFO  BookDAOImpl:68 - db connect
2018-04-16 17:49:37 INFO  BookDAOImpl:222 - Book inserted into DB
2018-04-16 17:51:36 INFO  BookDAOImpl:54 - Driver was found
2018-04-16 17:51:37 INFO  BookDAOImpl:68 - db connect
2018-04-16 17:53:43 INFO  BookDAOImpl:54 - Driver was found
2018-04-16 17:53:44 INFO  BookDAOImpl:68 - db connect
2018-04-16 17:53:59 INFO  BookDAOImpl:222 - Book inserted into DB
2018-04-16 17:53:59 INFO  BookDAOImpl:222 - Book inserted into DB
2018-04-16 17:54:53 INFO  BookDAOImpl:54 - Driver was found
2018-04-16 17:54:54 INFO  BookDAOImpl:68 - db connect
2018-04-16 17:55:05 INFO  BookDAOImpl:223 - Book inserted into DB
2018-04-16 17:55:55 INFO  BookDAOImpl:54 - Driver was found
2018-04-16 17:55:56 INFO  BookDAOImpl:68 - db connect
2018-04-16 17:56:17 INFO  BookDAOImpl:112 - Book inserted into DB
2018-04-16 18:00:42 INFO  BookDAOImpl:54 - Driver was found
2018-04-16 18:00:42 INFO  BookDAOImpl:68 - db connect
2018-04-16 18:00:47 INFO  BookDAOImpl:54 - Driver was found
2018-04-16 18:00:47 INFO  BookDAOImpl:68 - db connect
2018-04-16 18:00:50 INFO  BookDAOImpl:279 - 4authors were found
2018-04-16 18:01:09 INFO  BookDAOImpl:88 - Author inserted into DB
2018-04-16 18:06:35 INFO  BookDAOImpl:54 - Driver was found
2018-04-16 18:06:36 INFO  BookDAOImpl:68 - db connect
2018-04-16 18:06:51 INFO  BookDAOImpl:54 - Driver was found
2018-04-16 18:06:52 INFO  BookDAOImpl:68 - db connect
2018-04-16 18:06:52 INFO  BookDAOImpl:54 - Driver was found
2018-04-16 18:06:52 INFO  BookDAOImpl:68 - db connect
2018-04-16 18:06:52 INFO  BookDAOImpl:250 - 5authors were found
2018-04-16 18:08:19 INFO  BookDAOImpl:54 - Driver was found
2018-04-16 18:08:19 INFO  BookDAOImpl:68 - db connect
2018-04-16 18:13:03 INFO  BookDAOImpl:54 - Driver was found
2018-04-16 18:13:03 INFO  BookDAOImpl:68 - db connect
2018-04-16 18:13:03 INFO  BookDAOImpl:54 - Driver was found
2018-04-16 18:13:04 INFO  BookDAOImpl:68 - db connect
2018-04-16 18:13:04 INFO  BookDAOImpl:250 - 5authors were found
2018-04-16 18:13:44 INFO  BookDAOImpl:250 - 5authors were found
2018-04-16 18:14:23 INFO  BookDAOImpl:54 - Driver was found
2018-04-16 18:14:23 INFO  BookDAOImpl:68 - db connect
2018-04-16 18:14:23 INFO  BookDAOImpl:54 - Driver was found
2018-04-16 18:14:23 INFO  BookDAOImpl:68 - db connect
2018-04-16 18:14:23 INFO  BookDAOImpl:250 - 5authors were found
2018-04-16 18:14:40 INFO  BookDAOImpl:279 - 4authors were found
2018-04-16 18:15:39 INFO  BookDAOImpl:54 - Driver was found
2018-04-16 18:15:39 INFO  BookDAOImpl:68 - db connect
2018-04-16 18:15:39 INFO  BookDAOImpl:54 - Driver was found
2018-04-16 18:15:39 INFO  BookDAOImpl:68 - db connect
2018-04-16 18:15:39 INFO  BookDAOImpl:250 - 5authors were found
2018-04-16 18:15:40 INFO  BookDAOImpl:54 - Driver was found
2018-04-16 18:15:40 INFO  BookDAOImpl:68 - db connect
2018-04-16 18:15:40 INFO  BookDAOImpl:250 - 5authors were found
2018-04-16 18:15:41 INFO  BookDAOImpl:54 - Driver was found
2018-04-16 18:15:41 INFO  BookDAOImpl:68 - db connect
2018-04-16 18:15:41 INFO  BookDAOImpl:250 - 5authors were found
2018-04-16 18:15:42 INFO  BookDAOImpl:54 - Driver was found
2018-04-16 18:15:42 INFO  BookDAOImpl:68 - db connect
2018-04-16 18:15:42 INFO  BookDAOImpl:250 - 5authors were found
2018-04-16 18:15:43 INFO  BookDAOImpl:54 - Driver was found
2018-04-16 18:15:43 INFO  BookDAOImpl:68 - db connect
2018-04-16 18:15:43 INFO  BookDAOImpl:250 - 5authors were found
2018-04-16 18:16:36 INFO  BookDAOImpl:54 - Driver was found
2018-04-16 18:16:37 INFO  BookDAOImpl:68 - db connect
2018-04-16 18:16:37 INFO  BookDAOImpl:54 - Driver was found
2018-04-16 18:16:37 INFO  BookDAOImpl:68 - db connect
2018-04-16 18:16:37 INFO  BookDAOImpl:250 - 5authors were found
2018-04-16 18:16:40 INFO  BookDAOImpl:54 - Driver was found
2018-04-16 18:16:40 INFO  BookDAOImpl:68 - db connect
2018-04-16 18:16:40 INFO  BookDAOImpl:250 - 5authors were found
2018-04-16 18:16:43 INFO  BookDAOImpl:54 - Driver was found
2018-04-16 18:16:43 INFO  BookDAOImpl:68 - db connect
2018-04-16 18:16:43 INFO  BookDAOImpl:250 - 5authors were found
2018-04-16 18:16:46 INFO  BookDAOImpl:54 - Driver was found
2018-04-16 18:16:46 INFO  BookDAOImpl:68 - db connect
2018-04-16 18:16:46 INFO  BookDAOImpl:250 - 5authors were found
2018-04-16 18:16:49 INFO  BookDAOImpl:54 - Driver was found
2018-04-16 18:16:49 INFO  BookDAOImpl:68 - db connect
2018-04-16 18:16:49 INFO  BookDAOImpl:250 - 5authors were found
2018-04-16 18:16:52 INFO  BookDAOImpl:54 - Driver was found
2018-04-16 18:16:52 INFO  BookDAOImpl:68 - db connect
2018-04-16 18:16:52 INFO  BookDAOImpl:250 - 5authors were found
2018-04-16 18:16:55 INFO  BookDAOImpl:54 - Driver was found
2018-04-16 18:16:55 INFO  BookDAOImpl:68 - db connect
2018-04-16 18:16:55 INFO  BookDAOImpl:250 - 5authors were found
2018-04-16 18:16:58 INFO  BookDAOImpl:54 - Driver was found
2018-04-16 18:16:58 INFO  BookDAOImpl:68 - db connect
2018-04-16 18:16:58 INFO  BookDAOImpl:250 - 5authors were found
2018-04-16 18:17:00 INFO  BookDAOImpl:88 - Author inserted into DB
2018-04-16 18:17:01 INFO  BookDAOImpl:54 - Driver was found
2018-04-16 18:17:01 INFO  BookDAOImpl:68 - db connect
2018-04-16 18:17:01 INFO  BookDAOImpl:250 - 6authors were found
2018-04-16 18:17:04 INFO  BookDAOImpl:54 - Driver was found
2018-04-16 18:17:04 INFO  BookDAOImpl:68 - db connect
2018-04-16 18:17:04 INFO  BookDAOImpl:250 - 6authors were found
2018-04-16 18:17:07 INFO  BookDAOImpl:54 - Driver was found
2018-04-16 18:17:07 INFO  BookDAOImpl:68 - db connect
2018-04-16 18:17:07 INFO  BookDAOImpl:250 - 6authors were found
2018-04-16 18:17:10 INFO  BookDAOImpl:54 - Driver was found
2018-04-16 18:17:10 INFO  BookDAOImpl:68 - db connect
2018-04-16 18:17:10 INFO  BookDAOImpl:250 - 6authors were found
2018-04-16 18:17:13 INFO  BookDAOImpl:54 - Driver was found
2018-04-16 18:17:13 INFO  BookDAOImpl:68 - db connect
2018-04-16 18:17:13 INFO  BookDAOImpl:250 - 6authors were found
2018-04-16 18:17:16 INFO  BookDAOImpl:54 - Driver was found
2018-04-16 18:17:16 INFO  BookDAOImpl:68 - db connect
2018-04-16 18:17:16 INFO  BookDAOImpl:250 - 6authors were found
2018-04-16 18:17:19 INFO  BookDAOImpl:54 - Driver was found
2018-04-16 18:17:19 INFO  BookDAOImpl:68 - db connect
2018-04-16 18:17:19 INFO  BookDAOImpl:250 - 6authors were found
2018-04-16 18:17:22 INFO  BookDAOImpl:54 - Driver was found
2018-04-16 18:17:22 INFO  BookDAOImpl:68 - db connect
2018-04-16 18:17:22 INFO  BookDAOImpl:250 - 6authors were found
2018-04-16 18:17:25 INFO  BookDAOImpl:54 - Driver was found
2018-04-16 18:17:25 INFO  BookDAOImpl:68 - db connect
2018-04-16 18:17:25 INFO  BookDAOImpl:250 - 6authors were found
2018-04-16 18:17:28 INFO  BookDAOImpl:54 - Driver was found
2018-04-16 18:17:28 INFO  BookDAOImpl:68 - db connect
2018-04-16 18:17:28 INFO  BookDAOImpl:250 - 6authors were found
2018-04-16 18:17:31 INFO  BookDAOImpl:54 - Driver was found
2018-04-16 18:17:31 INFO  BookDAOImpl:68 - db connect
2018-04-16 18:17:31 INFO  BookDAOImpl:250 - 6authors were found
2018-04-16 18:17:34 INFO  BookDAOImpl:54 - Driver was found
2018-04-16 18:17:34 INFO  BookDAOImpl:68 - db connect
2018-04-16 18:17:34 INFO  BookDAOImpl:250 - 6authors were found
2018-04-16 18:17:37 INFO  BookDAOImpl:54 - Driver was found
2018-04-16 18:17:37 INFO  BookDAOImpl:68 - db connect
2018-04-16 18:17:37 INFO  BookDAOImpl:250 - 6authors were found
2018-04-16 18:17:40 INFO  BookDAOImpl:54 - Driver was found
2018-04-16 18:17:40 INFO  BookDAOImpl:68 - db connect
2018-04-16 18:17:40 INFO  BookDAOImpl:250 - 6authors were found
2018-04-16 18:17:43 INFO  BookDAOImpl:54 - Driver was found
2018-04-16 18:17:43 INFO  BookDAOImpl:68 - db connect
2018-04-16 18:17:43 INFO  BookDAOImpl:250 - 6authors were found
2018-04-16 18:17:46 INFO  BookDAOImpl:54 - Driver was found
2018-04-16 18:17:46 INFO  BookDAOImpl:68 - db connect
2018-04-16 18:17:46 INFO  BookDAOImpl:250 - 6authors were found
2018-04-16 18:17:49 INFO  BookDAOImpl:54 - Driver was found
2018-04-16 18:17:49 INFO  BookDAOImpl:68 - db connect
2018-04-16 18:17:49 INFO  BookDAOImpl:250 - 6authors were found
2018-04-16 18:17:52 INFO  BookDAOImpl:54 - Driver was found
2018-04-16 18:17:52 INFO  BookDAOImpl:68 - db connect
2018-04-16 18:17:52 INFO  BookDAOImpl:250 - 6authors were found
2018-04-16 18:17:54 INFO  BookDAOImpl:168 - Author with id 24 was deleted
2018-04-16 18:17:55 INFO  BookDAOImpl:54 - Driver was found
2018-04-16 18:17:55 INFO  BookDAOImpl:68 - db connect
2018-04-16 18:17:55 INFO  BookDAOImpl:250 - 5authors were found
2018-04-16 18:17:58 INFO  BookDAOImpl:54 - Driver was found
2018-04-16 18:17:58 INFO  BookDAOImpl:68 - db connect
2018-04-16 18:17:58 INFO  BookDAOImpl:250 - 5authors were found
2018-04-16 18:18:01 INFO  BookDAOImpl:54 - Driver was found
2018-04-16 18:18:01 INFO  BookDAOImpl:68 - db connect
2018-04-16 18:18:01 INFO  BookDAOImpl:250 - 5authors were found
2018-04-16 18:18:04 INFO  BookDAOImpl:54 - Driver was found
2018-04-16 18:18:04 INFO  BookDAOImpl:68 - db connect
2018-04-16 18:18:04 INFO  BookDAOImpl:250 - 5authors were found
2018-04-16 18:18:07 INFO  BookDAOImpl:54 - Driver was found
2018-04-16 18:18:07 INFO  BookDAOImpl:68 - db connect
2018-04-16 18:18:07 INFO  BookDAOImpl:250 - 5authors were found
2018-04-16 18:18:10 INFO  BookDAOImpl:54 - Driver was found
2018-04-16 18:18:10 INFO  BookDAOImpl:68 - db connect
2018-04-16 18:18:10 INFO  BookDAOImpl:250 - 5authors were found
2018-04-16 18:18:13 INFO  BookDAOImpl:168 - Author with id 23 was deleted
2018-04-16 18:18:13 INFO  BookDAOImpl:54 - Driver was found
2018-04-16 18:18:13 INFO  BookDAOImpl:68 - db connect
2018-04-16 18:18:13 INFO  BookDAOImpl:250 - 4authors were found
2018-04-16 18:18:16 INFO  BookDAOImpl:54 - Driver was found
2018-04-16 18:18:16 INFO  BookDAOImpl:68 - db connect
2018-04-16 18:18:16 INFO  BookDAOImpl:250 - 4authors were found
2018-04-16 18:18:19 INFO  BookDAOImpl:54 - Driver was found
2018-04-16 18:18:19 INFO  BookDAOImpl:68 - db connect
2018-04-16 18:18:19 INFO  BookDAOImpl:250 - 4authors were found
2018-04-16 18:19:18 INFO  BookDAOImpl:54 - Driver was found
2018-04-16 18:19:18 INFO  BookDAOImpl:68 - db connect
2018-04-16 18:19:18 INFO  BookDAOImpl:54 - Driver was found
2018-04-16 18:19:18 INFO  BookDAOImpl:68 - db connect
2018-04-16 18:19:18 INFO  BookDAOImpl:250 - 4authors were found
2018-04-16 18:19:21 INFO  BookDAOImpl:250 - 4authors were found
2018-04-16 18:19:24 INFO  BookDAOImpl:250 - 4authors were found
2018-04-16 18:19:27 INFO  BookDAOImpl:250 - 4authors were found
2018-04-16 18:19:30 INFO  BookDAOImpl:250 - 4authors were found
2018-04-16 18:19:33 INFO  BookDAOImpl:250 - 4authors were found
2018-04-16 18:20:06 INFO  BookDAOImpl:54 - Driver was found
2018-04-16 18:20:07 INFO  BookDAOImpl:68 - db connect
2018-04-16 18:20:07 INFO  BookDAOImpl:54 - Driver was found
2018-04-16 18:20:07 INFO  BookDAOImpl:68 - db connect
2018-04-16 18:20:07 INFO  BookDAOImpl:250 - 4authors were found
2018-04-16 18:20:10 INFO  BookDAOImpl:250 - 4authors were found
2018-04-16 18:20:13 INFO  BookDAOImpl:250 - 4authors were found
2018-04-16 18:20:16 INFO  BookDAOImpl:250 - 4authors were found
2018-04-16 18:20:19 INFO  BookDAOImpl:250 - 4authors were found
2018-04-16 18:20:22 INFO  BookDAOImpl:250 - 4authors were found
2018-04-16 18:20:25 INFO  BookDAOImpl:250 - 4authors were found
2018-04-16 18:20:28 INFO  BookDAOImpl:250 - 4authors were found
2018-04-16 18:20:31 INFO  BookDAOImpl:250 - 4authors were found
2018-04-16 18:20:32 INFO  BookDAOImpl:88 - Author inserted into DB
2018-04-16 18:20:34 INFO  BookDAOImpl:250 - 4authors were found
2018-04-16 18:20:37 INFO  BookDAOImpl:250 - 4authors were found
2018-04-16 18:20:40 INFO  BookDAOImpl:250 - 4authors were found
2018-04-16 18:20:43 INFO  BookDAOImpl:250 - 4authors were found
2018-04-16 18:20:46 INFO  BookDAOImpl:250 - 4authors were found
2018-04-16 18:20:49 INFO  BookDAOImpl:250 - 4authors were found
2018-04-16 18:20:52 INFO  BookDAOImpl:250 - 4authors were found
2018-04-16 18:20:55 INFO  BookDAOImpl:250 - 4authors were found
2018-04-16 18:20:58 INFO  BookDAOImpl:250 - 4authors were found
2018-04-16 18:21:01 INFO  BookDAOImpl:250 - 4authors were found
2018-04-16 18:21:04 INFO  BookDAOImpl:250 - 4authors were found
2018-04-16 18:21:07 INFO  BookDAOImpl:250 - 4authors were found
2018-04-16 18:21:10 INFO  BookDAOImpl:250 - 4authors were found
2018-04-16 18:21:13 INFO  BookDAOImpl:250 - 4authors were found
2018-04-16 18:21:32 INFO  BookDAOImpl:54 - Driver was found
2018-04-16 18:21:33 INFO  BookDAOImpl:68 - db connect
2018-04-16 18:21:33 INFO  BookDAOImpl:54 - Driver was found
2018-04-16 18:21:33 INFO  BookDAOImpl:68 - db connect
2018-04-16 18:21:33 INFO  BookDAOImpl:250 - 4authors were found
2018-04-16 18:21:36 INFO  BookDAOImpl:250 - 4authors were found
2018-04-16 18:21:39 INFO  BookDAOImpl:250 - 4authors were found
2018-04-16 18:21:42 INFO  BookDAOImpl:250 - 4authors were found
2018-04-16 18:21:45 INFO  BookDAOImpl:250 - 4authors were found
2018-04-16 18:21:48 INFO  BookDAOImpl:250 - 4authors were found
2018-04-16 18:21:49 INFO  BookDAOImpl:88 - Author inserted into DB
2018-04-16 18:21:51 INFO  BookDAOImpl:250 - 4authors were found
2018-04-16 18:21:54 INFO  BookDAOImpl:250 - 4authors were found
2018-04-16 18:21:57 INFO  BookDAOImpl:250 - 4authors were found
2018-04-16 18:22:00 INFO  BookDAOImpl:250 - 4authors were found
2018-04-16 18:22:03 INFO  BookDAOImpl:250 - 4authors were found
2018-04-16 18:22:06 INFO  BookDAOImpl:250 - 4authors were found
2018-04-16 18:22:09 INFO  BookDAOImpl:250 - 4authors were found
2018-04-16 18:22:12 INFO  BookDAOImpl:250 - 4authors were found
2018-04-16 18:22:15 INFO  BookDAOImpl:250 - 4authors were found
2018-04-16 18:22:18 INFO  BookDAOImpl:250 - 4authors were found
2018-04-16 18:22:21 INFO  BookDAOImpl:250 - 4authors were found
2018-04-16 18:22:24 INFO  BookDAOImpl:250 - 4authors were found
2018-04-16 18:22:27 INFO  BookDAOImpl:250 - 4authors were found
2018-04-16 18:22:30 INFO  BookDAOImpl:250 - 4authors were found
2018-04-16 18:22:33 INFO  BookDAOImpl:250 - 4authors were found
2018-04-16 18:22:36 INFO  BookDAOImpl:250 - 4authors were found
2018-04-16 18:22:39 INFO  BookDAOImpl:250 - 4authors were found
2018-04-16 18:22:42 INFO  BookDAOImpl:250 - 4authors were found
2018-04-16 18:22:45 INFO  BookDAOImpl:250 - 4authors were found
2018-04-16 18:22:48 INFO  BookDAOImpl:250 - 4authors were found
2018-04-16 18:22:51 INFO  BookDAOImpl:250 - 4authors were found
2018-04-16 18:22:54 INFO  BookDAOImpl:250 - 4authors were found
2018-04-16 18:22:57 INFO  BookDAOImpl:250 - 4authors were found
2018-04-16 18:23:00 INFO  BookDAOImpl:250 - 4authors were found
2018-04-16 18:23:03 INFO  BookDAOImpl:250 - 4authors were found
2018-04-16 18:23:06 INFO  BookDAOImpl:250 - 4authors were found
2018-04-16 18:23:09 INFO  BookDAOImpl:250 - 4authors were found
2018-04-16 18:23:12 INFO  BookDAOImpl:250 - 4authors were found
2018-04-16 18:23:15 INFO  BookDAOImpl:250 - 4authors were found
2018-04-16 18:23:18 INFO  BookDAOImpl:250 - 4authors were found
2018-04-16 18:23:21 INFO  BookDAOImpl:250 - 4authors were found
2018-04-16 18:23:24 INFO  BookDAOImpl:250 - 4authors were found
2018-04-16 18:23:27 INFO  BookDAOImpl:250 - 4authors were found
2018-04-16 18:23:30 INFO  BookDAOImpl:250 - 4authors were found
2018-04-16 18:23:33 INFO  BookDAOImpl:250 - 4authors were found
2018-04-16 18:23:36 INFO  BookDAOImpl:250 - 4authors were found
2018-04-16 18:23:39 INFO  BookDAOImpl:250 - 4authors were found
2018-04-16 18:23:42 INFO  BookDAOImpl:250 - 4authors were found
2018-04-16 18:23:45 INFO  BookDAOImpl:250 - 4authors were found
2018-04-16 18:23:48 INFO  BookDAOImpl:250 - 4authors were found
2018-04-16 18:23:51 INFO  BookDAOImpl:250 - 4authors were found
2018-04-16 18:24:46 INFO  BookDAOImpl:54 - Driver was found
2018-04-16 18:24:46 INFO  BookDAOImpl:68 - db connect
2018-04-16 18:24:46 INFO  BookDAOImpl:54 - Driver was found
2018-04-16 18:24:46 INFO  BookDAOImpl:68 - db connect
2018-04-16 18:24:46 INFO  BookDAOImpl:250 - 5authors were found
2018-04-16 18:24:49 INFO  BookDAOImpl:250 - 5authors were found
2018-04-16 18:24:52 INFO  BookDAOImpl:250 - 5authors were found
2018-04-16 18:24:55 INFO  BookDAOImpl:250 - 5authors were found
2018-04-16 18:24:58 INFO  BookDAOImpl:250 - 5authors were found
2018-04-16 18:25:01 INFO  BookDAOImpl:250 - 5authors were found
2018-04-16 18:25:04 INFO  BookDAOImpl:250 - 5authors were found
2018-04-16 18:25:07 INFO  BookDAOImpl:250 - 5authors were found
2018-04-16 18:25:10 INFO  BookDAOImpl:250 - 5authors were found
2018-04-16 18:25:13 INFO  BookDAOImpl:250 - 5authors were found
2018-04-16 18:25:16 INFO  BookDAOImpl:250 - 5authors were found
2018-04-16 18:25:19 INFO  BookDAOImpl:250 - 5authors were found
2018-04-16 18:25:22 INFO  BookDAOImpl:250 - 5authors were found
2018-04-16 18:25:25 INFO  BookDAOImpl:250 - 5authors were found
2018-04-16 18:25:28 INFO  BookDAOImpl:250 - 5authors were found
2018-04-16 18:25:31 INFO  BookDAOImpl:250 - 5authors were found
2018-04-16 18:25:34 INFO  BookDAOImpl:250 - 5authors were found
2018-04-16 18:25:37 INFO  BookDAOImpl:250 - 5authors were found
2018-04-16 18:25:40 INFO  BookDAOImpl:250 - 5authors were found
2018-04-16 18:25:43 INFO  BookDAOImpl:250 - 5authors were found
2018-04-16 18:25:46 INFO  BookDAOImpl:250 - 5authors were found
2018-04-16 18:25:49 INFO  BookDAOImpl:250 - 5authors were found
2018-04-16 18:25:52 INFO  BookDAOImpl:250 - 5authors were found
2018-04-16 18:25:55 INFO  BookDAOImpl:250 - 5authors were found
2018-04-16 18:25:58 INFO  BookDAOImpl:250 - 5authors were found
2018-04-16 18:26:01 INFO  BookDAOImpl:250 - 5authors were found
2018-04-16 18:26:04 INFO  BookDAOImpl:250 - 5authors were found
2018-04-16 18:26:07 INFO  BookDAOImpl:250 - 5authors were found
2018-04-16 18:26:10 INFO  BookDAOImpl:250 - 5authors were found
2018-04-16 18:26:13 INFO  BookDAOImpl:250 - 5authors were found
2018-04-16 18:26:16 INFO  BookDAOImpl:250 - 5authors were found
2018-04-16 18:26:19 INFO  BookDAOImpl:250 - 5authors were found
2018-04-16 18:26:22 INFO  BookDAOImpl:250 - 5authors were found
2018-04-16 18:26:25 INFO  BookDAOImpl:250 - 5authors were found
2018-04-16 18:26:28 INFO  BookDAOImpl:250 - 5authors were found
2018-04-16 18:26:31 INFO  BookDAOImpl:250 - 5authors were found
2018-04-16 18:26:34 INFO  BookDAOImpl:250 - 5authors were found
2018-04-16 18:26:37 INFO  BookDAOImpl:250 - 5authors were found
2018-04-16 18:26:40 INFO  BookDAOImpl:250 - 5authors were found
2018-04-16 18:26:43 INFO  BookDAOImpl:250 - 5authors were found
2018-04-16 18:26:46 INFO  BookDAOImpl:250 - 5authors were found
2018-04-16 18:26:49 INFO  BookDAOImpl:250 - 5authors were found
2018-04-16 18:26:52 INFO  BookDAOImpl:250 - 5authors were found
2018-04-16 18:26:55 INFO  BookDAOImpl:250 - 5authors were found
2018-04-16 18:26:58 INFO  BookDAOImpl:250 - 5authors were found
2018-04-16 18:27:19 INFO  BookDAOImpl:54 - Driver was found
2018-04-16 18:27:19 INFO  BookDAOImpl:68 - db connect
2018-04-16 18:27:19 INFO  BookDAOImpl:54 - Driver was found
2018-04-16 18:27:19 INFO  BookDAOImpl:68 - db connect
2018-04-16 18:27:19 INFO  BookDAOImpl:250 - 5authors were found
2018-04-16 18:27:22 INFO  BookDAOImpl:250 - 5authors were found
2018-04-16 18:27:25 INFO  BookDAOImpl:250 - 5authors were found
2018-04-16 18:27:26 INFO  BookDAOImpl:168 - Author with id 26 was deleted
2018-04-16 18:27:28 INFO  BookDAOImpl:250 - 4authors were found
2018-04-16 18:27:31 INFO  BookDAOImpl:250 - 4authors were found
2018-04-16 18:27:34 INFO  BookDAOImpl:250 - 4authors were found
2018-04-16 18:27:37 INFO  BookDAOImpl:250 - 4authors were found
2018-04-16 18:27:40 INFO  BookDAOImpl:250 - 4authors were found
2018-04-16 18:27:43 INFO  BookDAOImpl:250 - 4authors were found
2018-04-16 18:27:46 INFO  BookDAOImpl:250 - 4authors were found
2018-04-16 18:27:49 INFO  BookDAOImpl:250 - 4authors were found
2018-04-16 18:27:52 INFO  BookDAOImpl:168 - Author with id 21 was deleted
2018-04-16 18:27:52 INFO  BookDAOImpl:250 - 3authors were found
2018-04-16 18:27:55 INFO  BookDAOImpl:250 - 3authors were found
2018-04-16 18:27:58 INFO  BookDAOImpl:250 - 3authors were found
2018-04-16 18:28:01 INFO  BookDAOImpl:250 - 3authors were found
2018-04-16 18:28:04 INFO  BookDAOImpl:250 - 3authors were found
2018-04-16 18:28:07 INFO  BookDAOImpl:250 - 3authors were found
2018-04-16 18:42:00 INFO  BookDAOImpl:54 - Driver was found
2018-04-16 18:42:01 INFO  BookDAOImpl:68 - db connect
2018-04-16 18:42:01 INFO  BookDAOImpl:54 - Driver was found
2018-04-16 18:42:01 INFO  BookDAOImpl:68 - db connect
2018-04-16 18:42:21 INFO  BookDAOImpl:88 - Author inserted into DB
2018-04-16 18:42:43 INFO  BookDAOImpl:168 - Author with id 27 was deleted
2018-04-16 18:43:28 INFO  BookDAOImpl:54 - Driver was found
2018-04-16 18:43:28 INFO  BookDAOImpl:68 - db connect
2018-04-16 18:43:28 INFO  BookDAOImpl:54 - Driver was found
2018-04-16 18:43:28 INFO  BookDAOImpl:68 - db connect
2018-04-16 18:43:46 INFO  BookDAOImpl:88 - Author inserted into DB
2018-04-16 18:44:15 INFO  BookDAOImpl:54 - Driver was found
2018-04-16 18:44:16 INFO  BookDAOImpl:68 - db connect
2018-04-16 18:44:16 INFO  BookDAOImpl:54 - Driver was found
2018-04-16 18:44:16 INFO  BookDAOImpl:68 - db connect
2018-04-16 18:44:23 INFO  BookDAOImpl:168 - Author with id 28 was deleted
2018-04-16 18:44:54 INFO  BookDAOImpl:54 - Driver was found
2018-04-16 18:44:55 INFO  BookDAOImpl:68 - db connect
2018-04-16 18:44:55 INFO  BookDAOImpl:54 - Driver was found
2018-04-16 18:44:55 INFO  BookDAOImpl:68 - db connect
2018-04-16 18:45:42 INFO  BookDAOImpl:54 - Driver was found
2018-04-16 18:45:43 INFO  BookDAOImpl:68 - db connect
2018-04-16 18:45:43 INFO  BookDAOImpl:54 - Driver was found
2018-04-16 18:45:43 INFO  BookDAOImpl:68 - db connect
2018-04-16 18:45:53 INFO  BookDAOImpl:168 - Author with id 29 was deleted
2018-04-16 18:50:07 INFO  BookDAOImpl:54 - Driver was found
2018-04-16 18:50:07 INFO  BookDAOImpl:68 - db connect
2018-04-16 18:50:07 INFO  BookDAOImpl:54 - Driver was found
2018-04-16 18:50:07 INFO  BookDAOImpl:68 - db connect
2018-04-16 18:50:14 INFO  BookDAOImpl:250 - 3authors were found
2018-04-16 18:50:15 INFO  BookDAOImpl:279 - 4authors were found
2018-04-16 18:50:17 INFO  BookDAOImpl:299 - Connection closed
2018-04-16 18:51:12 INFO  BookDAOImpl:54 - Driver was found
2018-04-16 18:51:12 INFO  BookDAOImpl:68 - db connect
2018-04-16 18:51:12 INFO  BookDAOImpl:54 - Driver was found
2018-04-16 18:51:12 INFO  BookDAOImpl:68 - db connect
2018-04-16 18:51:15 INFO  BookDAOImpl:299 - Connection closed
2018-04-16 18:51:55 INFO  BookDAOImpl:54 - Driver was found
2018-04-16 18:51:55 INFO  BookDAOImpl:68 - db connect
2018-04-16 18:51:55 INFO  BookDAOImpl:54 - Driver was found
2018-04-16 18:51:55 INFO  BookDAOImpl:68 - db connect
2018-04-16 18:52:08 INFO  BookDAOImpl:299 - Connection closed
2018-04-16 18:53:01 INFO  BookDAOImpl:54 - Driver was found
2018-04-16 18:53:02 INFO  BookDAOImpl:68 - db connect
2018-04-16 18:53:02 INFO  BookDAOImpl:54 - Driver was found
2018-04-16 18:53:02 INFO  BookDAOImpl:68 - db connect
2018-04-16 18:53:04 INFO  BookDAOImpl:299 - Connection closed
2018-04-16 18:53:15 INFO  BookDAOImpl:54 - Driver was found
2018-04-16 18:53:15 INFO  BookDAOImpl:68 - db connect
2018-04-16 18:53:15 INFO  BookDAOImpl:54 - Driver was found
2018-04-16 18:53:15 INFO  BookDAOImpl:68 - db connect
2018-04-16 18:53:18 INFO  BookDAOImpl:299 - Connection closed
2018-04-16 18:56:33 INFO  BookDAOImpl:54 - Driver was found
2018-04-16 18:56:33 INFO  BookDAOImpl:68 - db connect
2018-04-16 18:56:33 INFO  BookDAOImpl:54 - Driver was found
2018-04-16 18:56:33 INFO  BookDAOImpl:68 - db connect
2018-04-16 18:56:35 INFO  BookDAOImpl:299 - Connection closed
2018-04-16 18:57:37 INFO  BookDAOImpl:54 - Driver was found
2018-04-16 18:57:38 INFO  BookDAOImpl:68 - db connect
2018-04-16 18:57:38 INFO  BookDAOImpl:190 - Book name was updated
2018-04-16 18:57:38 INFO  BookDAOImpl:54 - Driver was found
2018-04-16 18:57:38 INFO  BookDAOImpl:68 - db connect
2018-04-16 18:57:38 INFO  BookDAOImpl:279 - 4authors were found
2018-04-16 18:57:38 INFO  BookDAOImpl:54 - Driver was found
2018-04-16 18:57:38 INFO  BookDAOImpl:68 - db connect
2018-04-16 18:57:38 INFO  BookDAOImpl:54 - Driver was found
2018-04-16 18:57:38 INFO  BookDAOImpl:68 - db connect
2018-04-16 18:57:38 INFO  BookDAOImpl:88 - Author inserted into DB
2018-04-16 18:57:38 INFO  BookDAOImpl:54 - Driver was found
2018-04-16 18:57:38 INFO  BookDAOImpl:68 - db connect
2018-04-16 18:57:38 INFO  BookDAOImpl:250 - 4authors were found
2018-04-16 18:57:38 INFO  BookDAOImpl:54 - Driver was found
2018-04-16 18:57:38 INFO  BookDAOImpl:68 - db connect
2018-04-16 18:57:38 INFO  BookDAOImpl:54 - Driver was found
2018-04-16 18:57:38 INFO  BookDAOImpl:68 - db connect
2018-04-16 18:57:38 INFO  BookDAOImpl:168 - Author with id 1 was deleted
2018-04-16 18:58:11 INFO  BookDAOImpl:54 - Driver was found
2018-04-16 18:58:12 INFO  BookDAOImpl:68 - db connect
2018-04-16 18:58:12 INFO  BookDAOImpl:279 - 4authors were found
2018-04-16 18:58:18 INFO  BookDAOImpl:54 - Driver was found
2018-04-16 18:58:19 INFO  BookDAOImpl:68 - db connect
2018-04-16 18:58:19 INFO  BookDAOImpl:250 - 4authors were found
2018-04-16 18:58:28 INFO  BookDAOImpl:54 - Driver was found
2018-04-16 18:58:28 INFO  BookDAOImpl:68 - db connect
2018-04-16 18:58:28 INFO  BookDAOImpl:250 - 4authors were found
2018-04-16 18:58:36 INFO  BookDAOImpl:54 - Driver was found
2018-04-16 18:58:36 INFO  BookDAOImpl:68 - db connect
2018-04-16 18:59:30 INFO  BookDAOImpl:54 - Driver was found
2018-04-16 18:59:31 INFO  BookDAOImpl:68 - db connect
2018-04-16 19:08:36 INFO  BookDAOImpl:54 - Driver was found
2018-04-16 19:08:37 INFO  BookDAOImpl:68 - db connect
2018-04-16 19:08:43 INFO  BookDAOImpl:54 - Driver was found
2018-04-16 19:08:44 INFO  BookDAOImpl:68 - db connect
2018-04-16 19:08:44 INFO  BookDAOImpl:54 - Driver was found
2018-04-16 19:08:44 INFO  BookDAOImpl:68 - db connect
2018-04-16 19:09:08 INFO  BookDAOImpl:112 - Book inserted into DB
2018-04-16 19:09:08 INFO  BookDAOImpl:112 - Book inserted into DB
2018-04-17 09:03:35 INFO  BookDAOImpl:57 - db connect
2018-04-17 09:03:35 INFO  BookDAOImpl:57 - db connect
2018-04-17 09:03:42 INFO  BookDAOImpl:289 - 4authors were found
2018-04-17 09:04:32 INFO  BookDAOImpl:57 - db connect
2018-04-17 09:04:32 INFO  BookDAOImpl:57 - db connect
2018-04-17 09:04:43 INFO  BookDAOImpl:309 - Connection closed
2018-04-17 21:33:23 INFO  BookDAOImpl:57 - db connect
2018-04-17 21:33:23 INFO  BookDAOImpl:57 - db connect
2018-04-17 21:34:17 INFO  BookDAOImpl:57 - db connect
2018-04-17 21:34:17 INFO  BookDAOImpl:57 - db connect
2018-04-17 21:34:40 INFO  BookDAOImpl:57 - db connect
2018-04-17 21:34:40 INFO  BookDAOImpl:57 - db connect
2018-04-17 21:37:11 INFO  BookDAOImpl:57 - db connect
2018-04-17 21:37:11 INFO  BookDAOImpl:57 - db connect
2018-04-17 21:38:00 INFO  BookDAOImpl:57 - db connect
2018-04-17 21:41:31 INFO  BookDAOImpl:57 - db connect
2018-04-17 21:43:20 INFO  BookDAOImpl:57 - db connect
2018-04-17 21:43:47 INFO  BookDAOImpl:57 - db connect
2018-04-17 21:43:53 INFO  BookDAOImpl:289 - 4authors were found
2018-04-17 21:45:01 INFO  BookDAOImpl:57 - db connect
2018-04-17 21:45:07 INFO  BookDAOImpl:57 - db connect
2018-04-17 21:46:19 INFO  BookDAOImpl:57 - db connect
2018-04-17 21:46:49 INFO  BookDAOImpl:57 - db connect
2018-04-17 21:47:49 INFO  BookDAOImpl:57 - db connect
2018-04-17 21:49:04 INFO  BookDAOImpl:57 - db connect
2018-04-17 21:56:00 INFO  BookDAOImpl:55 - db connect
2018-04-17 21:56:00 INFO  BookDAOImpl:287 - 4authors were found
2018-04-17 21:56:29 INFO  BookDAOImpl:55 - db connect
2018-04-17 21:56:29 INFO  BookDAOImpl:287 - 4authors were found
2018-04-17 21:57:23 INFO  BookDAOImpl:55 - db connect
2018-04-17 21:57:23 INFO  BookDAOImpl:287 - 4authors were found
2018-04-17 21:58:51 INFO  BookDAOImpl:55 - db connect
2018-04-17 21:58:51 INFO  BookDAOImpl:287 - 4authors were found
2018-04-17 21:59:50 INFO  BookDAOImpl:55 - db connect
2018-04-17 21:59:50 INFO  BookDAOImpl:287 - 4authors were found
2018-04-17 22:02:22 INFO  BookDAOImpl:55 - db connect
2018-04-17 22:02:22 INFO  BookDAOImpl:287 - 4authors were found
2018-04-17 22:05:28 INFO  BookDAOImpl:55 - db connect
2018-04-17 22:05:28 INFO  BookDAOImpl:287 - 4authors were found
2018-04-17 22:06:16 INFO  BookDAOImpl:55 - db connect
2018-04-17 22:06:16 INFO  BookDAOImpl:287 - 4authors were found
2018-04-17 22:06:46 INFO  BookDAOImpl:55 - db connect
2018-04-17 22:06:46 INFO  BookDAOImpl:287 - 4authors were found
2018-04-17 22:06:58 INFO  BookDAOImpl:55 - db connect
2018-04-17 22:06:58 INFO  BookDAOImpl:287 - 4authors were found
2018-04-17 22:07:28 INFO  BookDAOImpl:55 - db connect
2018-04-17 22:07:28 INFO  BookDAOImpl:287 - 4authors were found
2018-04-19 15:07:40 INFO  BookDAOImpl:55 - db connect
2018-04-19 15:07:40 INFO  BookDAOImpl:287 - 4authors were found
2018-04-19 15:08:16 INFO  BookDAOImpl:55 - db connect
2018-04-19 15:08:17 INFO  BookDAOImpl:287 - 4authors were found
2018-04-19 15:08:39 INFO  BookDAOImpl:55 - db connect
2018-04-19 15:08:39 INFO  BookDAOImpl:287 - 4authors were found
2018-04-19 15:08:58 INFO  BookDAOImpl:55 - db connect
2018-04-19 15:08:58 INFO  BookDAOImpl:287 - 4authors were found
2018-04-19 15:10:22 INFO  BookDAOImpl:55 - db connect
2018-04-19 15:10:22 INFO  BookDAOImpl:287 - 4authors were found
2018-04-19 15:14:04 INFO  BookDAOImpl:55 - db connect
2018-04-19 15:14:04 INFO  BookDAOImpl:287 - 4authors were found
2018-04-19 15:14:23 INFO  BookDAOImpl:55 - db connect
2018-04-19 15:14:23 INFO  BookDAOImpl:287 - 4authors were found
2018-04-19 15:15:06 INFO  BookDAOImpl:55 - db connect
2018-04-19 15:15:06 INFO  BookDAOImpl:287 - 4authors were found
2018-04-19 15:15:41 INFO  BookDAOImpl:55 - db connect
2018-04-19 15:15:41 INFO  BookDAOImpl:287 - 4authors were found
2018-04-19 15:18:12 INFO  BookDAOImpl:55 - db connect
2018-04-19 15:18:12 INFO  BookDAOImpl:287 - 4authors were found
2018-04-19 15:24:23 INFO  BookDAOImpl:55 - db connect
2018-04-19 15:24:23 INFO  BookDAOImpl:287 - 4authors were found
2018-04-19 22:03:32 INFO  BookDAOImpl:57 - db connect
2018-04-19 22:03:32 INFO  BookDAOImpl:287 - 4authors were found
2018-04-19 22:03:57 INFO  BookDAOImpl:57 - db connect
2018-04-19 22:03:57 INFO  BookDAOImpl:287 - 4authors were found
2018-04-19 22:04:58 INFO  BookDAOImpl:57 - db connect
2018-04-19 22:04:59 INFO  BookDAOImpl:288 - 4authors were found
2018-04-19 22:07:54 INFO  BookDAOImpl:58 - db connect
2018-04-19 22:07:54 INFO  BookDAOImpl:292 - 4authors were found
2018-04-19 22:08:40 INFO  BookDAOImpl:58 - db connect
2018-04-19 22:08:40 INFO  BookDAOImpl:292 - 4authors were found
2018-04-19 22:09:58 INFO  BookDAOImpl:58 - db connect
2018-04-19 22:09:58 INFO  BookDAOImpl:292 - 4authors were found
2018-04-19 22:10:46 INFO  BookDAOImpl:58 - db connect
2018-04-19 22:10:47 INFO  BookDAOImpl:292 - 4authors were found
2018-04-19 22:12:15 INFO  BookDAOImpl:58 - db connect
2018-04-19 22:12:15 INFO  BookDAOImpl:291 - 4authors were found
2018-04-19 22:13:49 INFO  BookDAOImpl:58 - db connect
2018-04-19 22:13:49 INFO  BookDAOImpl:291 - 4authors were found
2018-04-19 22:14:02 INFO  BookDAOImpl:58 - db connect
2018-04-19 22:14:02 INFO  BookDAOImpl:291 - 4authors were found
2018-04-19 22:14:17 INFO  BookDAOImpl:58 - db connect
2018-04-19 22:14:17 INFO  BookDAOImpl:291 - 4authors were found
2018-04-19 22:15:01 INFO  BookDAOImpl:58 - db connect
2018-04-19 22:15:01 INFO  BookDAOImpl:291 - 4authors were found
2018-04-19 22:15:25 INFO  BookDAOImpl:58 - db connect
2018-04-19 22:15:25 INFO  BookDAOImpl:291 - 4authors were found
2018-04-19 22:32:56 INFO  BookDAOImpl:58 - db connect
2018-04-19 22:32:57 INFO  BookDAOImpl:291 - 4authors were found
2018-04-19 22:35:16 INFO  BookDAOImpl:58 - db connect
2018-04-19 22:35:16 INFO  BookDAOImpl:291 - 4authors were found
2018-04-19 22:51:37 INFO  BookDAOImpl:58 - db connect
2018-04-19 22:51:37 INFO  BookDAOImpl:291 - 4authors were found
2018-04-19 22:53:05 INFO  BookDAOImpl:58 - db connect
2018-04-19 22:53:05 INFO  BookDAOImpl:291 - 4authors were found
2018-04-19 22:53:25 INFO  BookDAOImpl:58 - db connect
2018-04-19 22:53:25 INFO  BookDAOImpl:291 - 4authors were found
2018-04-19 22:54:45 INFO  BookDAOImpl:58 - db connect
2018-04-19 22:54:45 INFO  BookDAOImpl:291 - 4authors were found
2018-04-19 22:55:47 INFO  BookDAOImpl:58 - db connect
2018-04-19 22:55:47 INFO  BookDAOImpl:291 - 4authors were found
2018-04-19 22:56:08 INFO  BookDAOImpl:58 - db connect
2018-04-19 22:56:08 INFO  BookDAOImpl:291 - 4authors were found
2018-04-19 22:58:27 INFO  BookDAOImpl:58 - db connect
2018-04-19 22:58:27 INFO  BookDAOImpl:291 - 4authors were found
2018-04-19 22:58:55 INFO  BookDAOImpl:58 - db connect
2018-04-19 22:58:56 INFO  BookDAOImpl:291 - 4authors were found
2018-04-19 23:00:49 INFO  BookDAOImpl:58 - db connect
2018-04-19 23:00:49 INFO  BookDAOImpl:291 - 4authors were found
2018-04-19 23:01:03 INFO  BookDAOImpl:58 - db connect
2018-04-19 23:01:03 INFO  BookDAOImpl:291 - 4authors were found
2018-04-19 23:12:17 INFO  BookDAOImpl:58 - db connect
2018-04-19 23:12:17 INFO  BookDAOImpl:291 - 4authors were found
2018-04-19 23:14:57 INFO  BookDAOImpl:58 - db connect
2018-04-19 23:14:57 INFO  BookDAOImpl:291 - 4authors were found
2018-04-19 23:18:08 INFO  BookDAOImpl:58 - db connect
2018-04-19 23:18:08 INFO  BookDAOImpl:291 - 4authors were found
2018-04-19 23:18:53 INFO  BookDAOImpl:58 - db connect
2018-04-19 23:18:54 INFO  BookDAOImpl:291 - 4authors were found
2018-04-20 09:04:58 INFO  BookDAOImpl:82 - db connect
2018-04-20 09:04:58 INFO  BookDAOImpl:315 - 4authors were found
2018-04-20 09:04:59 INFO  BookDAOImpl:315 - 4authors were found
2018-04-20 09:07:20 INFO  BookDAOImpl:82 - db connect
2018-04-20 09:07:20 INFO  BookDAOImpl:316 - 7authors were found
2018-04-20 09:07:20 INFO  BookDAOImpl:316 - 7authors were found
2018-04-20 09:09:31 INFO  BookDAOImpl:83 - db connect
2018-04-20 09:09:31 INFO  BookDAOImpl:317 - 7authors were found
2018-04-20 09:09:31 INFO  BookDAOImpl:317 - 7authors were found
2018-04-20 09:10:52 INFO  BookDAOImpl:84 - db connect
2018-04-20 09:10:52 INFO  BookDAOImpl:318 - 7authors were found
2018-04-20 09:10:52 INFO  BookDAOImpl:318 - 7authors were found
2018-04-20 09:11:22 INFO  BookDAOImpl:84 - db connect
2018-04-20 09:11:22 INFO  BookDAOImpl:318 - 7authors were found
2018-04-20 09:11:22 INFO  BookDAOImpl:318 - 7authors were found
2018-04-20 09:12:23 INFO  BookDAOImpl:84 - db connect
2018-04-20 09:12:23 INFO  BookDAOImpl:318 - 8authors were found
2018-04-20 09:12:23 INFO  BookDAOImpl:318 - 8authors were found
2018-04-20 09:12:54 INFO  BookDAOImpl:84 - db connect
2018-04-20 09:12:54 INFO  BookDAOImpl:318 - 8authors were found
2018-04-20 09:12:54 INFO  BookDAOImpl:318 - 8authors were found
2018-04-20 09:14:13 INFO  BookDAOImpl:84 - db connect
2018-04-20 09:14:13 INFO  BookDAOImpl:318 - 8authors were found
2018-04-20 09:14:13 INFO  BookDAOImpl:318 - 8authors were found
2018-04-20 09:16:01 INFO  BookDAOImpl:84 - db connect
2018-04-20 09:16:01 INFO  BookDAOImpl:318 - 8authors were found
2018-04-20 09:16:01 INFO  BookDAOImpl:318 - 8authors were found
2018-04-20 09:16:43 INFO  BookDAOImpl:84 - db connect
2018-04-20 09:16:43 INFO  BookDAOImpl:318 - 8authors were found
2018-04-20 09:16:43 INFO  BookDAOImpl:318 - 8authors were found
2018-04-20 09:17:22 INFO  BookDAOImpl:84 - db connect
2018-04-20 09:17:22 INFO  BookDAOImpl:318 - 8authors were found
2018-04-20 09:17:22 INFO  BookDAOImpl:318 - 8authors were found
2018-04-20 09:19:11 INFO  BookDAOImpl:85 - db connect
2018-04-20 09:19:11 INFO  BookDAOImpl:319 - 8authors were found
2018-04-20 09:19:11 INFO  BookDAOImpl:319 - 8authors were found
2018-04-20 09:19:36 INFO  BookDAOImpl:85 - db connect
2018-04-20 09:19:36 INFO  BookDAOImpl:319 - 8authors were found
2018-04-20 09:19:37 INFO  BookDAOImpl:319 - 8authors were found
2018-04-20 09:20:06 INFO  BookDAOImpl:85 - db connect
2018-04-20 09:20:07 INFO  BookDAOImpl:319 - 8authors were found
2018-04-20 09:20:07 INFO  BookDAOImpl:319 - 8authors were found
2018-04-20 09:20:45 INFO  BookDAOImpl:85 - db connect
2018-04-20 09:20:45 INFO  BookDAOImpl:319 - 8authors were found
2018-04-20 09:20:45 INFO  BookDAOImpl:319 - 8authors were found
2018-04-20 09:21:47 INFO  BookDAOImpl:86 - db connect
2018-04-20 09:21:47 INFO  BookDAOImpl:320 - 8authors were found
2018-04-20 09:21:47 INFO  BookDAOImpl:320 - 8authors were found
2018-04-20 09:22:34 INFO  BookDAOImpl:86 - db connect
2018-04-20 09:22:34 INFO  BookDAOImpl:320 - 9authors were found
2018-04-20 09:22:34 INFO  BookDAOImpl:320 - 9authors were found
2018-04-20 09:23:29 INFO  BookDAOImpl:86 - db connect
2018-04-20 09:23:29 INFO  BookDAOImpl:320 - 9authors were found
2018-04-20 09:23:29 INFO  BookDAOImpl:320 - 9authors were found
2018-04-20 09:23:53 INFO  BookDAOImpl:86 - db connect
2018-04-20 09:23:53 INFO  BookDAOImpl:320 - 8authors were found
2018-04-20 09:23:54 INFO  BookDAOImpl:320 - 8authors were found
2018-04-20 09:25:37 INFO  BookDAOImpl:87 - db connect
2018-04-20 09:25:37 INFO  BookDAOImpl:321 - 8authors were found
2018-04-20 09:25:37 INFO  BookDAOImpl:321 - 8authors were found
2018-04-20 09:25:38 INFO  BookDAOImpl:154 - Book inserted into DB
2018-04-20 09:30:06 INFO  BookDAOImpl:87 - db connect
2018-04-20 09:30:06 INFO  BookDAOImpl:321 - 9authors were found
2018-04-20 09:30:28 INFO  BookDAOImpl:87 - db connect
2018-04-20 09:30:28 INFO  BookDAOImpl:321 - 9authors were found
2018-04-20 09:30:31 INFO  BookDAOImpl:321 - 9authors were found
2018-04-20 09:30:44 INFO  BookDAOImpl:232 - Book name was updated
2018-04-20 09:30:50 INFO  BookDAOImpl:232 - Book name was updated
2018-04-20 09:30:57 INFO  BookDAOImpl:232 - Book name was updated
2018-04-20 09:31:05 INFO  BookDAOImpl:232 - Book name was updated
2018-04-20 10:45:40 INFO  BookDAOImpl:87 - db connect
2018-04-20 10:45:40 INFO  BookDAOImpl:321 - 9authors were found
2018-04-20 11:19:07 INFO  BookDAOImpl:87 - db connect
2018-04-20 11:19:07 INFO  BookDAOImpl:321 - 9authors were found
2018-04-20 11:21:21 INFO  BookDAOImpl:87 - db connect
2018-04-20 11:21:21 INFO  BookDAOImpl:321 - 9authors were found
2018-04-20 11:22:05 INFO  BookDAOImpl:87 - db connect
2018-04-20 11:22:05 INFO  BookDAOImpl:321 - 9authors were found
2018-04-20 11:23:19 INFO  BookDAOImpl:87 - db connect
2018-04-20 11:23:19 INFO  BookDAOImpl:321 - 9authors were found
2018-04-20 12:03:14 INFO  BookDAOImpl:87 - db connect
2018-04-20 12:03:14 INFO  BookDAOImpl:321 - 9authors were found
2018-04-20 12:03:30 INFO  BookDAOImpl:87 - db connect
2018-04-20 12:03:30 INFO  BookDAOImpl:321 - 9authors were found
2018-04-20 12:03:45 INFO  BookDAOImpl:87 - db connect
2018-04-20 12:03:45 INFO  BookDAOImpl:321 - 9authors were found
2018-04-20 12:03:49 INFO  BookDAOImpl:321 - 9authors were found
2018-04-20 12:04:00 INFO  BookDAOImpl:232 - Book name was updated
2018-04-20 12:04:04 INFO  BookDAOImpl:232 - Book name was updated
2018-04-20 12:04:08 INFO  BookDAOImpl:232 - Book name was updated
2018-04-20 12:04:11 INFO  BookDAOImpl:232 - Book name was updated
2018-04-20 12:04:26 INFO  BookDAOImpl:87 - db connect
2018-04-20 12:04:26 INFO  BookDAOImpl:321 - 9authors were found
2018-04-20 13:28:46 INFO  BookDAOImpl:87 - db connect
2018-04-20 13:28:47 INFO  BookDAOImpl:321 - 9authors were found
2018-04-20 13:33:00 INFO  BookDAOImpl:87 - db connect
2018-04-20 13:33:00 INFO  BookDAOImpl:321 - 9authors were found
2018-04-20 13:33:56 INFO  BookDAOImpl:87 - db connect
2018-04-20 13:33:57 INFO  BookDAOImpl:321 - 9authors were found
2018-04-20 13:48:46 INFO  BookDAOImpl:87 - db connect
2018-04-20 13:48:46 INFO  BookDAOImpl:321 - 9books were found
2018-04-20 14:46:48 INFO  BookDAOImpl:87 - db connect
2018-04-20 14:46:48 INFO  BookDAOImpl:321 - 9books were found
2018-04-20 14:47:08 INFO  BookDAOImpl:87 - db connect
2018-04-20 14:47:08 INFO  BookDAOImpl:321 - 9books were found
2018-04-20 14:47:59 INFO  BookDAOImpl:87 - db connect
2018-04-20 14:47:59 INFO  BookDAOImpl:321 - 9books were found
2018-04-20 14:50:48 INFO  BookDAOImpl:87 - db connect
2018-04-20 14:50:48 INFO  BookDAOImpl:321 - 9books were found
2018-04-20 14:51:06 INFO  BookDAOImpl:87 - db connect
2018-04-20 14:51:06 INFO  BookDAOImpl:321 - 9books were found
2018-04-20 14:51:54 INFO  BookDAOImpl:87 - db connect
2018-04-20 14:51:54 INFO  BookDAOImpl:321 - 9books were found
2018-04-20 14:52:24 INFO  BookDAOImpl:87 - db connect
2018-04-20 14:52:24 INFO  BookDAOImpl:321 - 9books were found
2018-04-20 14:54:14 INFO  BookDAOImpl:87 - db connect
2018-04-20 14:54:14 INFO  BookDAOImpl:321 - 9books were found
2018-04-20 14:56:17 INFO  BookDAOImpl:87 - db connect
2018-04-20 14:56:17 INFO  BookDAOImpl:321 - 9books were found
